[2018-04-29 22:21:19.979] [exthost1] [info] extension host started
[2018-04-29 22:21:20.093] [exthost1] [info] extension host started
[2018-04-29 22:21:20.186] [exthost1] [info] ExtensionService#_doActivateExtension vscode.emmet {"startup":true,"activationEvent":"*"}
[2018-04-29 22:21:20.186] [exthost1] [info] ExtensionService#loadCommonJSModule c:\Users\tarje\.codemix\engine\resources\app\extensions\emmet\out\extension
[2018-04-29 22:21:21.206] [exthost1] [info] ExtensionService#_doActivateExtension vscode.git {"startup":true,"activationEvent":"*"}
[2018-04-29 22:21:21.206] [exthost1] [info] ExtensionService#loadCommonJSModule c:\Users\tarje\.codemix\engine\resources\app\extensions\git\out\main
[2018-04-29 22:21:22.357] [exthost1] [info] ExtensionService#_doActivateExtension vscode.merge-conflict {"startup":true,"activationEvent":"*"}
[2018-04-29 22:21:22.357] [exthost1] [info] ExtensionService#loadCommonJSModule c:\Users\tarje\.codemix\engine\resources\app\extensions\merge-conflict\out\extension
[2018-04-29 22:21:22.550] [exthost1] [info] ExtensionService#_doActivateExtension HookyQR.beautify {"startup":true,"activationEvent":"*"}
[2018-04-29 22:21:22.550] [exthost1] [info] ExtensionService#loadCommonJSModule C:\Users\tarje\.vscode\extensions\HookyQR.beautify-1.3.0\extension
[2018-04-29 22:21:23.143] [exthost1] [info] ExtensionService#_doActivateExtension Zignd.html-css-class-completion {"startup":true,"activationEvent":"*"}
[2018-04-29 22:21:23.144] [exthost1] [info] ExtensionService#loadCommonJSModule C:\Users\tarje\.vscode\extensions\Zignd.html-css-class-completion-1.17.1\out\src\extension
[2018-04-29 22:21:29.072] [exthost1] [info] ExtensionService#_doActivateExtension christian-kohler.path-intellisense {"startup":true,"activationEvent":"*"}
[2018-04-29 22:21:29.072] [exthost1] [info] ExtensionService#loadCommonJSModule C:\Users\tarje\.vscode\extensions\christian-kohler.path-intellisense-1.4.2\out\src\extension
[2018-04-29 22:21:29.251] [exthost1] [info] ExtensionService#_doActivateExtension dbaeumer.vscode-eslint {"startup":true,"activationEvent":"*"}
[2018-04-29 22:21:29.251] [exthost1] [info] ExtensionService#loadCommonJSModule C:\Users\tarje\.vscode\extensions\dbaeumer.vscode-eslint-1.4.8\client\out\extension
[2018-04-29 22:21:29.868] [exthost1] [info] ExtensionService#_doActivateExtension formulahendry.auto-close-tag {"startup":true,"activationEvent":"*"}
[2018-04-29 22:21:29.868] [exthost1] [info] ExtensionService#loadCommonJSModule C:\Users\tarje\.vscode\extensions\formulahendry.auto-close-tag-0.5.6\out\src\extension
[2018-04-29 22:21:29.882] [exthost1] [info] ExtensionService#_doActivateExtension vscode.configuration-editing {"startup":false,"activationEvent":"onLanguage:jsonc"}
[2018-04-29 22:21:29.882] [exthost1] [info] ExtensionService#loadCommonJSModule c:\Users\tarje\.codemix\engine\resources\app\extensions\configuration-editing\out\extension
[2018-04-29 22:21:29.969] [exthost1] [info] ExtensionService#_doActivateExtension vscode.json {"startup":false,"activationEvent":"onLanguage:jsonc"}
[2018-04-29 22:21:29.969] [exthost1] [info] ExtensionService#loadCommonJSModule c:\Users\tarje\.codemix\engine\resources\app\extensions\json\client\out\jsonMain
[2018-04-29 22:21:32.623] [exthost1] [info] eager extensions activated
